2017-08-17 14:17:24,750 - INFO - main - Begging to store api...
2017-08-17 14:17:24,750 - INFO - main - Loading api for org.eclipse.jdt.core.dom.UnionType
2017-08-17 14:17:47,460 - INFO - main - Loading api for org.eclipse.jdt.core.IMember
2017-08-17 14:18:06,624 - INFO - main - Loading api for org.eclipse.jdt.ui.actions.SelfEncapsulateFieldAction
2017-08-17 14:18:59,124 - INFO - main - Loading api for org.eclipse.jdt.core.dom.AnnotationTypeDeclaration
2017-08-17 14:19:39,151 - INFO - main - Loading api for org.eclipse.jdt.core.IType
2017-08-17 14:20:01,681 - INFO - main - Loading api for org.eclipse.jdt.core.IClasspathContainer
2017-08-17 14:20:34,016 - INFO - main - Loading api for org.eclipse.jdt.core.eval.IGlobalVariable
2017-08-17 14:20:59,614 - INFO - main - Loading api for org.eclipse.jdt.core.Flags
2017-08-17 14:21:37,276 - INFO - main - Loading api for org.eclipse.jdt.debug.ui.breakpoints.JavaBreakpointConditionEditor
2017-08-17 14:22:01,588 - INFO - main - Loading api for org.eclipse.jdt.ui.wizards.NewTypeWizardPage
2017-08-17 14:22:26,819 - INFO - main - Loading api for org.eclipse.jdt.ui.ProblemsLabelDecorator
2017-08-17 14:23:07,062 - INFO - main - Loading api for org.eclipse.jdt.launching.environments.IExecutionEnvironment
2017-08-17 14:23:29,265 - INFO - main - Loading api for org.eclipse.jdt.core.NamingConventions
2017-08-17 14:23:45,657 - INFO - main - Loading api for org.eclipse.jdt.core.dom.PrefixExpression
2017-08-17 14:23:57,473 - ERROR - main - selenium.common.exceptions.NoSuchFrameException: org.eclipse.jdt.core.dom.PrefixExpression
2017-08-17 14:23:57,473 - INFO - main - Loading api for org.eclipse.jdt.junit.wizards.NewTestCaseWizardPageOne
2017-08-17 14:24:49,262 - INFO - main - Loading api for org.eclipse.jdt.debug.core.IJavaInterfaceType
2017-08-17 14:25:17,877 - INFO - main - Loading api for org.eclipse.jdt.ui.actions.FormatAllAction
2017-08-17 14:25:27,980 - ERROR - main - selenium.common.exceptions.NoSuchFrameException: org.eclipse.jdt.ui.actions.FormatAllAction
2017-08-17 14:25:27,980 - INFO - main - Loading api for org.eclipse.jdt.core.refactoring.descriptors.ExtractClassDescriptor
2017-08-17 14:26:14,453 - INFO - main - Loading api for org.eclipse.jdt.debug.core.IJavaThread
2017-08-17 14:26:38,262 - INFO - main - Loading api for org.eclipse.jdt.ui.actions.IntroduceIndirectionAction
2017-08-17 14:26:38,262 - INFO - main - 20 api stored!
2017-08-17 14:28:04,247 - INFO - main - Loading api for org.eclipse.jdt.core.dom.ASTVisitor
2017-08-17 14:28:44,957 - INFO - main - Loading api for org.eclipse.jdt.core.refactoring.participants.IRefactoringProcessorIds
2017-08-17 14:29:52,483 - INFO - main - Loading api for org.eclipse.jdt.core.compiler.IScanner
2017-08-17 14:30:12,436 - INFO - main - Loading api for com.sun.mirror.declaration.EnumDeclaration
2017-08-17 14:30:32,494 - INFO - main - Loading api for org.eclipse.jdt.core.ITypeHierarchyChangedListener
2017-08-17 14:30:37,566 - ERROR - main - selenium.common.exceptions.NoSuchFrameException: org.eclipse.jdt.core.ITypeHierarchyChangedListener
2017-08-17 14:30:37,566 - INFO - main - Loading api for org.eclipse.jdt.apt.core.env.Phase
2017-08-17 14:31:06,581 - INFO - main - Loading api for org.eclipse.jdt.debug.eval.EvaluationManager
2017-08-17 14:31:36,734 - INFO - main - Loading api for org.eclipse.jdt.launching.sourcelookup.containers.ClasspathVariableSourceContainer
2017-08-17 14:33:06,224 - INFO - main - Loading api for org.eclipse.jdt.debug.ui.launchConfigurations.AppletParametersTab
2017-08-17 14:35:29,799 - INFO - main - Loading api for org.eclipse.jdt.core.search.IJavaSearchScope
2017-08-17 20:01:31,648 - INFO - main - Begging to store api...
2017-08-17 20:01:31,648 - INFO - main - Loading api for org.eclipse.jdt.core.dom.UnionType
2017-08-17 20:01:53,220 - INFO - main - Loading api for org.eclipse.jdt.core.IMember
2017-08-17 20:02:02,594 - INFO - main - Loading api for org.eclipse.jdt.ui.actions.SelfEncapsulateFieldAction
2017-08-17 20:02:15,641 - INFO - main - Loading api for org.eclipse.jdt.core.dom.AnnotationTypeDeclaration
2017-08-17 20:02:25,960 - INFO - main - Loading api for org.eclipse.jdt.core.IType
2017-08-17 20:02:38,562 - INFO - main - Loading api for org.eclipse.jdt.core.IClasspathContainer
2017-08-17 20:02:51,487 - INFO - main - Loading api for org.eclipse.jdt.core.eval.IGlobalVariable
2017-08-17 20:03:01,286 - INFO - main - Loading api for org.eclipse.jdt.core.Flags
2017-08-17 20:03:11,190 - INFO - main - Loading api for org.eclipse.jdt.debug.ui.breakpoints.JavaBreakpointConditionEditor
2017-08-17 20:03:21,073 - INFO - main - Loading api for org.eclipse.jdt.ui.wizards.NewTypeWizardPage
2017-08-17 20:03:31,529 - INFO - main - Loading api for org.eclipse.jdt.ui.ProblemsLabelDecorator
2017-08-17 20:03:43,562 - INFO - main - Loading api for org.eclipse.jdt.launching.environments.IExecutionEnvironment
2017-08-17 20:03:57,832 - INFO - main - Loading api for org.eclipse.jdt.core.NamingConventions
2017-08-17 20:04:10,176 - INFO - main - Loading api for org.eclipse.jdt.core.dom.PrefixExpression
2017-08-17 20:04:23,799 - INFO - main - Loading api for org.eclipse.jdt.junit.wizards.NewTestCaseWizardPageOne
2017-08-17 20:04:37,384 - INFO - main - Loading api for org.eclipse.jdt.debug.core.IJavaInterfaceType
2017-08-17 20:04:53,364 - INFO - main - Loading api for org.eclipse.jdt.ui.actions.FormatAllAction
2017-08-17 20:05:07,384 - INFO - main - Loading api for org.eclipse.jdt.core.refactoring.descriptors.ExtractClassDescriptor
2017-08-17 20:05:20,338 - INFO - main - Loading api for org.eclipse.jdt.debug.core.IJavaThread
2017-08-17 20:05:33,989 - INFO - main - Loading api for org.eclipse.jdt.ui.actions.IntroduceIndirectionAction
2017-08-17 20:05:33,989 - INFO - main - 20 api stored!
2017-08-17 20:05:57,282 - INFO - main - Loading api for org.eclipse.jdt.core.dom.ASTVisitor
2017-08-17 20:06:12,673 - INFO - main - Loading api for org.eclipse.jdt.core.refactoring.participants.IRefactoringProcessorIds
2017-08-17 20:06:23,802 - INFO - main - Loading api for org.eclipse.jdt.core.compiler.IScanner
2017-08-17 20:06:29,891 - ERROR - main - selenium.common.exceptions.NoSuchFrameException: org.eclipse.jdt.core.compiler.IScanner
2017-08-17 20:06:29,891 - INFO - main - Loading api for com.sun.mirror.declaration.EnumDeclaration
2017-08-17 20:06:46,384 - INFO - main - Loading api for org.eclipse.jdt.core.ITypeHierarchyChangedListener
2017-08-17 20:07:09,385 - INFO - main - Loading api for org.eclipse.jdt.apt.core.env.Phase
2017-08-17 20:07:22,858 - INFO - main - Loading api for org.eclipse.jdt.debug.eval.EvaluationManager
2017-08-17 20:07:43,450 - INFO - main - Loading api for org.eclipse.jdt.launching.sourcelookup.containers.ClasspathVariableSourceContainer
2017-08-17 20:07:59,311 - INFO - main - Loading api for org.eclipse.jdt.debug.ui.launchConfigurations.AppletParametersTab
2017-08-17 20:08:12,914 - INFO - main - Loading api for org.eclipse.jdt.core.search.IJavaSearchScope
2017-08-17 20:08:31,190 - INFO - main - Loading api for org.eclipse.jdt.ui.actions.ImplementorsSearchGroup
2017-08-17 20:08:46,414 - INFO - main - Loading api for org.eclipse.jdt.debug.ui.launchConfigurations.AppletMainTab
2017-08-17 20:08:52,858 - ERROR - main - selenium.common.exceptions.NoSuchFrameException: org.eclipse.jdt.debug.ui.launchConfigurations.AppletMainTab
2017-08-17 20:08:52,858 - INFO - main - Loading api for org.eclipse.jdt.ui.text.java.ContentAssistInvocationContext
2017-08-17 20:09:08,144 - INFO - main - Loading api for org.eclipse.jdt.core.util.ISourceAttribute
2017-08-17 20:09:23,043 - INFO - main - Loading api for org.eclipse.jdt.core.dom.AnnotatableType
2017-08-17 20:09:40,716 - INFO - main - Loading api for org.eclipse.jdt.core.dom.Annotation
2017-08-17 20:09:51,967 - ERROR - main - selenium.common.exceptions.NoSuchFrameException: org.eclipse.jdt.core.dom.Annotation
2017-08-17 20:09:51,967 - INFO - main - Loading api for org.eclipse.jdt.core.util.ILocalVariableAttribute
2017-08-17 20:10:14,668 - INFO - main - Loading api for org.eclipse.jdt.ui.text.java.JavaContentAssistInvocationContext
2017-08-17 20:10:30,141 - INFO - main - Loading api for com.sun.mirror.declaration.AnnotationMirror
2017-08-17 20:10:46,388 - INFO - main - Loading api for org.eclipse.jdt.ui.text.java.CompletionProposalLabelProvider
2017-08-17 20:10:46,388 - INFO - main - 40 api stored!
2017-08-17 20:11:03,694 - INFO - main - Loading api for org.eclipse.jdt.ui.text.java.IJavadocCompletionProcessor
2017-08-17 20:11:19,645 - ERROR - main - UnicodeEncodeError: org.eclipse.jdt.ui.text.java.IJavadocCompletionProcessor
2017-08-17 20:11:19,645 - INFO - main - Loading api for org.eclipse.jdt.launching.sourcelookup.IJavaSourceLocation
2017-08-17 20:11:35,971 - ERROR - main - UnicodeEncodeError: org.eclipse.jdt.launching.sourcelookup.IJavaSourceLocation
2017-08-17 20:11:35,971 - INFO - main - Loading api for org.eclipse.jdt.ui.text.java.hover.IJavaEditorTextHover
2017-08-17 20:11:55,545 - INFO - main - Loading api for org.eclipse.jdt.debug.ui.launchConfigurations.JavaJRETab
2017-08-17 20:12:20,016 - INFO - main - Loading api for org.eclipse.jdt.junit.ITestRunListener
2017-08-17 20:12:32,536 - ERROR - main - UnicodeEncodeError: org.eclipse.jdt.junit.ITestRunListener
2017-08-17 20:12:32,538 - INFO - main - Loading api for org.eclipse.jdt.core.dom.NullLiteral
2017-08-17 20:12:46,413 - INFO - main - Loading api for org.eclipse.jdt.ui.actions.RefreshAction
2017-08-17 20:13:03,842 - INFO - main - Loading api for org.eclipse.jdt.core.ICorrectionRequestor
2017-08-17 20:13:20,168 - INFO - main - Loading api for org.eclipse.jdt.core.IPackageDeclaration
2017-08-17 20:13:49,608 - INFO - main - Loading api for org.eclipse.jdt.debug.core.JDIDebugModel
2017-08-17 20:14:04,049 - INFO - main - Loading api for org.eclipse.jdt.core.dom.PrimitiveType
2017-08-17 20:14:22,595 - INFO - main - Loading api for org.eclipse.jdt.debug.ui.launchConfigurations.JavaMainTab
2017-08-17 20:14:37,457 - INFO - main - Loading api for org.eclipse.jdt.core.jdom.IDOMPackage
2017-08-17 20:14:57,466 - ERROR - main - UnicodeEncodeError: org.eclipse.jdt.core.jdom.IDOMPackage
2017-08-17 20:14:57,466 - INFO - main - Loading api for org.eclipse.jdt.ui.actions.FindMethodExitOccurrencesAction
2017-08-17 20:15:15,217 - INFO - main - Loading api for org.eclipse.jdt.core.dom.VariableDeclaration
2017-08-17 20:15:33,763 - INFO - main - Loading api for org.eclipse.jdt.launching.IVMInstallType
2017-08-17 20:15:51,756 - INFO - main - Loading api for org.eclipse.jdt.core.dom.QualifiedName
2017-08-17 20:16:00,342 - ERROR - main - selenium.common.exceptions.NoSuchFrameException: org.eclipse.jdt.core.dom.QualifiedName
2017-08-17 20:16:00,342 - INFO - main - Loading api for org.eclipse.jdt.ui.text.JavaSourceViewerConfiguration
2017-08-17 20:16:30,020 - INFO - main - Loading api for com.sun.mirror.apt.Messager
2017-08-17 20:17:32,163 - INFO - main - Loading api for org.eclipse.jdt.ui.wizards.NewElementWizardPage
2017-08-17 20:17:32,164 - INFO - main - 60 api stored!
2017-08-17 20:18:01,184 - INFO - main - Loading api for org.eclipse.jdt.core.dom.QualifiedType
2017-08-17 20:18:37,565 - INFO - main - Loading api for org.eclipse.jdt.core.refactoring.descriptors.IntroduceParameterObjectDescriptor
2017-08-17 20:19:17,948 - INFO - main - Loading api for org.eclipse.jdt.ui.wizards.NewContainerWizardPage
2017-08-17 20:19:44,358 - INFO - main - Loading api for org.eclipse.jdt.ui.dialogs.TypeSelectionExtension
2017-08-17 20:20:09,763 - INFO - main - Loading api for org.eclipse.jdt.core.ICompilationUnit
2017-08-17 20:20:37,987 - INFO - main - Loading api for org.eclipse.jdt.core.util.IOpcodeMnemonics
2017-08-17 20:20:58,500 - INFO - main - Loading api for com.sun.mirror.declaration.EnumConstantDeclaration
